The system is: Linux - 3.13.0-58-generic - x86_64
Compiling the C compiler identification source file "CMakeCCompilerId.c" succeeded.
Compiler: /usr/bin/gcc 
Build flags: ;-m32
Id flags: 

The output was:
0


Compilation of the C compiler identification source "CMakeCCompilerId.c" produced "a.out"

The C compiler identification is GNU, found in "/home/David/Planner/builds/release32/CMakeFiles/2.8.12.2/CompilerIdC/a.out"

Compiling the CXX compiler identification source file "CMakeCXXCompilerId.cpp" succeeded.
Compiler: /usr/bin/g++ 
Build flags: ;-m32
Id flags: 

The output was:
0


Compilation of the CXX compiler identification source "CMakeCXXCompilerId.cpp" produced "a.out"

The CXX compiler identification is GNU, found in "/home/David/Planner/builds/release32/CMakeFiles/2.8.12.2/CompilerIdCXX/a.out"

Determining if the C compiler works passed with the following output:
Change Dir: /home/David/Planner/builds/release32/CMakeFiles/CMakeTmp

Run Build Command:/usr/bin/make "cmTryCompileExec4111344960/fast"
/usr/bin/make -f CMakeFiles/cmTryCompileExec4111344960.dir/build.make CMakeFiles/cmTryCompileExec4111344960.dir/build
make[1]: Entering directory `/home/David/Planner/builds/release32/CMakeFiles/CMakeTmp'
/usr/bin/cmake -E cmake_progress_report /home/David/Planner/builds/release32/CMakeFiles/CMakeTmp/CMakeFiles 1
Building C object CMakeFiles/cmTryCompileExec4111344960.dir/testCCompiler.c.o
/usr/bin/gcc   -m32    -o CMakeFiles/cmTryCompileExec4111344960.dir/testCCompiler.c.o   -c /home/David/Planner/builds/release32/CMakeFiles/CMakeTmp/testCCompiler.c
Linking C executable cmTryCompileExec4111344960
/usr/bin/cmake -E cmake_link_script CMakeFiles/cmTryCompileExec4111344960.dir/link.txt --verbose=1
/usr/bin/gcc   -m32     CMakeFiles/cmTryCompileExec4111344960.dir/testCCompiler.c.o  -o cmTryCompileExec4111344960 -rdynamic 
make[1]: Leaving directory `/home/David/Planner/builds/release32/CMakeFiles/CMakeTmp'


Detecting C compiler ABI info compiled with the following output:
Change Dir: /home/David/Planner/builds/release32/CMakeFiles/CMakeTmp

Run Build Command:/usr/bin/make "cmTryCompileExec3245499787/fast"
/usr/bin/make -f CMakeFiles/cmTryCompileExec3245499787.dir/build.make CMakeFiles/cmTryCompileExec3245499787.dir/build
make[1]: Entering directory `/home/David/Planner/builds/release32/CMakeFiles/CMakeTmp'
/usr/bin/cmake -E cmake_progress_report /home/David/Planner/builds/release32/CMakeFiles/CMakeTmp/CMakeFiles 1
Building C object CMakeFiles/cmTryCompileExec3245499787.dir/CMakeCCompilerABI.c.o
/usr/bin/gcc   -m32    -o CMakeFiles/cmTryCompileExec3245499787.dir/CMakeCCompilerABI.c.o   -c /usr/share/cmake-2.8/Modules/CMakeCCompilerABI.c
Linking C executable cmTryCompileExec3245499787
/usr/bin/cmake -E cmake_link_script CMakeFiles/cmTryCompileExec3245499787.dir/link.txt --verbose=1
/usr/bin/gcc   -m32   -v CMakeFiles/cmTryCompileExec3245499787.dir/CMakeCCompilerABI.c.o  -o cmTryCompileExec3245499787 -rdynamic  
Using built-in specs.
COLLECT_GCC=/usr/bin/gcc
COLLECT_LTO_WRAPPER=/usr/lib/gcc/x86_64-linux-gnu/4.8/lto-wrapper
Target: x86_64-linux-gnu
Configured with: ../src/configure -v --with-pkgversion='Ubuntu 4.8.4-2ubuntu1~14.04' --with-bugurl=file:///usr/share/doc/gcc-4.8/README.Bugs --enable-languages=c,c++,java,go,d,fortran,objc,obj-c++ --prefix=/usr --program-suffix=-4.8 --enable-shared --enable-linker-build-id --libexecdir=/usr/lib --without-included-gettext --enable-threads=posix --with-gxx-include-dir=/usr/include/c++/4.8 --libdir=/usr/lib --enable-nls --with-sysroot=/ --enable-clocale=gnu --enable-libstdcxx-debug --enable-libstdcxx-time=yes --enable-gnu-unique-object --disable-libmudflap --enable-plugin --with-system-zlib --disable-browser-plugin --enable-java-awt=gtk --enable-gtk-cairo --with-java-home=/usr/lib/jvm/java-1.5.0-gcj-4.8-amd64/jre --enable-java-home --with-jvm-root-dir=/usr/lib/jvm/java-1.5.0-gcj-4.8-amd64 --with-jvm-jar-dir=/usr/lib/jvm-exports/java-1.5.0-gcj-4.8-amd64 --with-arch-directory=amd64 --with-ecj-jar=/usr/share/java/eclipse-ecj.jar --enable-objc-gc --enable-multiarch --disable-werror --with-arch-32=i686 --with-abi=m64 --with-multilib-list=m32,m64,mx32 --with-tune=generic --enable-checking=release --build=x86_64-linux-gnu --host=x86_64-linux-gnu --target=x86_64-linux-gnu
Thread model: posix
gcc version 4.8.4 (Ubuntu 4.8.4-2ubuntu1~14.04) 
COMPILER_PATH=/usr/lib/gcc/x86_64-linux-gnu/4.8/:/usr/lib/gcc/x86_64-linux-gnu/4.8/:/usr/lib/gcc/x86_64-linux-gnu/:/usr/lib/gcc/x86_64-linux-gnu/4.8/:/usr/lib/gcc/x86_64-linux-gnu/
LIBRARY_PATH=/usr/lib/gcc/x86_64-linux-gnu/4.8/32/:/usr/lib/gcc/x86_64-linux-gnu/4.8/../../../../lib32/:/lib/../lib32/:/usr/lib/../lib32/:/usr/lib/gcc/x86_64-linux-gnu/4.8/:/usr/lib/gcc/x86_64-linux-gnu/4.8/../../../:/lib/:/usr/lib/
COLLECT_GCC_OPTIONS='-m32' '-v' '-o' 'cmTryCompileExec3245499787' '-rdynamic' '-mtune=generic' '-march=i686'
 /usr/lib/gcc/x86_64-linux-gnu/4.8/collect2 --sysroot=/ --build-id --eh-frame-hdr -m elf_i386 --hash-style=gnu --as-needed -export-dynamic -dynamic-linker /lib/ld-linux.so.2 -z relro -o cmTryCompileExec3245499787 /usr/lib/gcc/x86_64-linux-gnu/4.8/../../../../lib32/crt1.o /usr/lib/gcc/x86_64-linux-gnu/4.8/../../../../lib32/crti.o /usr/lib/gcc/x86_64-linux-gnu/4.8/32/crtbegin.o -L/usr/lib/gcc/x86_64-linux-gnu/4.8/32 -L/usr/lib/gcc/x86_64-linux-gnu/4.8/../../../../lib32 -L/lib/../lib32 -L/usr/lib/../lib32 -L/usr/lib/gcc/x86_64-linux-gnu/4.8 -L/usr/lib/gcc/x86_64-linux-gnu/4.8/../../.. CMakeFiles/cmTryCompileExec3245499787.dir/CMakeCCompilerABI.c.o -lgcc --as-needed -lgcc_s --no-as-needed -lc -lgcc --as-needed -lgcc_s --no-as-needed /usr/lib/gcc/x86_64-linux-gnu/4.8/32/crtend.o /usr/lib/gcc/x86_64-linux-gnu/4.8/../../../../lib32/crtn.o
make[1]: Leaving directory `/home/David/Planner/builds/release32/CMakeFiles/CMakeTmp'


Parsed C implicit link information from above output:
  link line regex: [^( *|.*[/\])(ld|([^/\]+-)?ld|collect2)[^/\]*( |$)]
  ignore line: [Change Dir: /home/David/Planner/builds/release32/CMakeFiles/CMakeTmp]
  ignore line: []
  ignore line: [Run Build Command:/usr/bin/make "cmTryCompileExec3245499787/fast"]
  ignore line: [/usr/bin/make -f CMakeFiles/cmTryCompileExec3245499787.dir/build.make CMakeFiles/cmTryCompileExec3245499787.dir/build]
  ignore line: [make[1]: Entering directory `/home/David/Planner/builds/release32/CMakeFiles/CMakeTmp']
  ignore line: [/usr/bin/cmake -E cmake_progress_report /home/David/Planner/builds/release32/CMakeFiles/CMakeTmp/CMakeFiles 1]
  ignore line: [Building C object CMakeFiles/cmTryCompileExec3245499787.dir/CMakeCCompilerABI.c.o]
  ignore line: [/usr/bin/gcc   -m32    -o CMakeFiles/cmTryCompileExec3245499787.dir/CMakeCCompilerABI.c.o   -c /usr/share/cmake-2.8/Modules/CMakeCCompilerABI.c]
  ignore line: [Linking C executable cmTryCompileExec3245499787]
  ignore line: [/usr/bin/cmake -E cmake_link_script CMakeFiles/cmTryCompileExec3245499787.dir/link.txt --verbose=1]
  ignore line: [/usr/bin/gcc   -m32   -v CMakeFiles/cmTryCompileExec3245499787.dir/CMakeCCompilerABI.c.o  -o cmTryCompileExec3245499787 -rdynamic  ]
  ignore line: [Using built-in specs.]
  ignore line: [COLLECT_GCC=/usr/bin/gcc]
  ignore line: [COLLECT_LTO_WRAPPER=/usr/lib/gcc/x86_64-linux-gnu/4.8/lto-wrapper]
  ignore line: [Target: x86_64-linux-gnu]
  ignore line: [Configured with: ../src/configure -v --with-pkgversion='Ubuntu 4.8.4-2ubuntu1~14.04' --with-bugurl=file:///usr/share/doc/gcc-4.8/README.Bugs --enable-languages=c,c++,java,go,d,fortran,objc,obj-c++ --prefix=/usr --program-suffix=-4.8 --enable-shared --enable-linker-build-id --libexecdir=/usr/lib --without-included-gettext --enable-threads=posix --with-gxx-include-dir=/usr/include/c++/4.8 --libdir=/usr/lib --enable-nls --with-sysroot=/ --enable-clocale=gnu --enable-libstdcxx-debug --enable-libstdcxx-time=yes --enable-gnu-unique-object --disable-libmudflap --enable-plugin --with-system-zlib --disable-browser-plugin --enable-java-awt=gtk --enable-gtk-cairo --with-java-home=/usr/lib/jvm/java-1.5.0-gcj-4.8-amd64/jre --enable-java-home --with-jvm-root-dir=/usr/lib/jvm/java-1.5.0-gcj-4.8-amd64 --with-jvm-jar-dir=/usr/lib/jvm-exports/java-1.5.0-gcj-4.8-amd64 --with-arch-directory=amd64 --with-ecj-jar=/usr/share/java/eclipse-ecj.jar --enable-objc-gc --enable-multiarch --disable-werror --with-arch-32=i686 --with-abi=m64 --with-multilib-list=m32,m64,mx32 --with-tune=generic --enable-checking=release --build=x86_64-linux-gnu --host=x86_64-linux-gnu --target=x86_64-linux-gnu]
  ignore line: [Thread model: posix]
  ignore line: [gcc version 4.8.4 (Ubuntu 4.8.4-2ubuntu1~14.04) ]
  ignore line: [COMPILER_PATH=/usr/lib/gcc/x86_64-linux-gnu/4.8/:/usr/lib/gcc/x86_64-linux-gnu/4.8/:/usr/lib/gcc/x86_64-linux-gnu/:/usr/lib/gcc/x86_64-linux-gnu/4.8/:/usr/lib/gcc/x86_64-linux-gnu/]
  ignore line: [LIBRARY_PATH=/usr/lib/gcc/x86_64-linux-gnu/4.8/32/:/usr/lib/gcc/x86_64-linux-gnu/4.8/../../../../lib32/:/lib/../lib32/:/usr/lib/../lib32/:/usr/lib/gcc/x86_64-linux-gnu/4.8/:/usr/lib/gcc/x86_64-linux-gnu/4.8/../../../:/lib/:/usr/lib/]
  ignore line: [COLLECT_GCC_OPTIONS='-m32' '-v' '-o' 'cmTryCompileExec3245499787' '-rdynamic' '-mtune=generic' '-march=i686']
  link line: [ /usr/lib/gcc/x86_64-linux-gnu/4.8/collect2 --sysroot=/ --build-id --eh-frame-hdr -m elf_i386 --hash-style=gnu --as-needed -export-dynamic -dynamic-linker /lib/ld-linux.so.2 -z relro -o cmTryCompileExec3245499787 /usr/lib/gcc/x86_64-linux-gnu/4.8/../../../../lib32/crt1.o /usr/lib/gcc/x86_64-linux-gnu/4.8/../../../../lib32/crti.o /usr/lib/gcc/x86_64-linux-gnu/4.8/32/crtbegin.o -L/usr/lib/gcc/x86_64-linux-gnu/4.8/32 -L/usr/lib/gcc/x86_64-linux-gnu/4.8/../../../../lib32 -L/lib/../lib32 -L/usr/lib/../lib32 -L/usr/lib/gcc/x86_64-linux-gnu/4.8 -L/usr/lib/gcc/x86_64-linux-gnu/4.8/../../.. CMakeFiles/cmTryCompileExec3245499787.dir/CMakeCCompilerABI.c.o -lgcc --as-needed -lgcc_s --no-as-needed -lc -lgcc --as-needed -lgcc_s --no-as-needed /usr/lib/gcc/x86_64-linux-gnu/4.8/32/crtend.o /usr/lib/gcc/x86_64-linux-gnu/4.8/../../../../lib32/crtn.o]
    arg [/usr/lib/gcc/x86_64-linux-gnu/4.8/collect2] ==> ignore
    arg [--sysroot=/] ==> ignore
    arg [--build-id] ==> ignore
    arg [--eh-frame-hdr] ==> ignore
    arg [-m] ==> ignore
    arg [elf_i386] ==> ignore
    arg [--hash-style=gnu] ==> ignore
    arg [--as-needed] ==> ignore
    arg [-export-dynamic] ==> ignore
    arg [-dynamic-linker] ==> ignore
    arg [/lib/ld-linux.so.2] ==> ignore
    arg [-zrelro] ==> ignore
    arg [-o] ==> ignore
    arg [cmTryCompileExec3245499787] ==> ignore
    arg [/usr/lib/gcc/x86_64-linux-gnu/4.8/../../../../lib32/crt1.o] ==> ignore
    arg [/usr/lib/gcc/x86_64-linux-gnu/4.8/../../../../lib32/crti.o] ==> ignore
    arg [/usr/lib/gcc/x86_64-linux-gnu/4.8/32/crtbegin.o] ==> ignore
    arg [-L/usr/lib/gcc/x86_64-linux-gnu/4.8/32] ==> dir [/usr/lib/gcc/x86_64-linux-gnu/4.8/32]
    arg [-L/usr/lib/gcc/x86_64-linux-gnu/4.8/../../../../lib32] ==> dir [/usr/lib/gcc/x86_64-linux-gnu/4.8/../../../../lib32]
    arg [-L/lib/../lib32] ==> dir [/lib/../lib32]
    arg [-L/usr/lib/../lib32] ==> dir [/usr/lib/../lib32]
    arg [-L/usr/lib/gcc/x86_64-linux-gnu/4.8] ==> dir [/usr/lib/gcc/x86_64-linux-gnu/4.8]
    arg [-L/usr/lib/gcc/x86_64-linux-gnu/4.8/../../..] ==> dir [/usr/lib/gcc/x86_64-linux-gnu/4.8/../../..]
    arg [CMakeFiles/cmTryCompileExec3245499787.dir/CMakeCCompilerABI.c.o] ==> ignore
    arg [-lgcc] ==> lib [gcc]
    arg [--as-needed] ==> ignore
    arg [-lgcc_s] ==> lib [gcc_s]
    arg [--no-as-needed] ==> ignore
    arg [-lc] ==> lib [c]
    arg [-lgcc] ==> lib [gcc]
    arg [--as-needed] ==> ignore
    arg [-lgcc_s] ==> lib [gcc_s]
    arg [--no-as-needed] ==> ignore
    arg [/usr/lib/gcc/x86_64-linux-gnu/4.8/32/crtend.o] ==> ignore
    arg [/usr/lib/gcc/x86_64-linux-gnu/4.8/../../../../lib32/crtn.o] ==> ignore
  remove lib [gcc]
  remove lib [gcc_s]
  remove lib [gcc]
  remove lib [gcc_s]
  collapse library dir [/usr/lib/gcc/x86_64-linux-gnu/4.8/32] ==> [/usr/lib/gcc/x86_64-linux-gnu/4.8/32]
  collapse library dir [/usr/lib/gcc/x86_64-linux-gnu/4.8/../../../../lib32] ==> [/usr/lib32]
  collapse library dir [/lib/../lib32] ==> [/lib32]
  collapse library dir [/usr/lib/../lib32] ==> [/usr/lib32]
  collapse library dir [/usr/lib/gcc/x86_64-linux-gnu/4.8] ==> [/usr/lib/gcc/x86_64-linux-gnu/4.8]
  collapse library dir [/usr/lib/gcc/x86_64-linux-gnu/4.8/../../..] ==> [/usr/lib]
  implicit libs: [c]
  implicit dirs: [/usr/lib/gcc/x86_64-linux-gnu/4.8/32;/usr/lib32;/lib32;/usr/lib/gcc/x86_64-linux-gnu/4.8;/usr/lib]
  implicit fwks: []


Determining if the CXX compiler works passed with the following output:
Change Dir: /home/David/Planner/builds/release32/CMakeFiles/CMakeTmp

Run Build Command:/usr/bin/make "cmTryCompileExec1629780066/fast"
/usr/bin/make -f CMakeFiles/cmTryCompileExec1629780066.dir/build.make CMakeFiles/cmTryCompileExec1629780066.dir/build
make[1]: Entering directory `/home/David/Planner/builds/release32/CMakeFiles/CMakeTmp'
/usr/bin/cmake -E cmake_progress_report /home/David/Planner/builds/release32/CMakeFiles/CMakeTmp/CMakeFiles 1
Building CXX object CMakeFiles/cmTryCompileExec1629780066.dir/testCXXCompiler.cxx.o
/usr/bin/g++    -m32    -o CMakeFiles/cmTryCompileExec1629780066.dir/testCXXCompiler.cxx.o -c /home/David/Planner/builds/release32/CMakeFiles/CMakeTmp/testCXXCompiler.cxx
Linking CXX executable cmTryCompileExec1629780066
/usr/bin/cmake -E cmake_link_script CMakeFiles/cmTryCompileExec1629780066.dir/link.txt --verbose=1
/usr/bin/g++    -m32     CMakeFiles/cmTryCompileExec1629780066.dir/testCXXCompiler.cxx.o  -o cmTryCompileExec1629780066 -rdynamic 
make[1]: Leaving directory `/home/David/Planner/builds/release32/CMakeFiles/CMakeTmp'


Detecting CXX compiler ABI info compiled with the following output:
Change Dir: /home/David/Planner/builds/release32/CMakeFiles/CMakeTmp

Run Build Command:/usr/bin/make "cmTryCompileExec1559754823/fast"
/usr/bin/make -f CMakeFiles/cmTryCompileExec1559754823.dir/build.make CMakeFiles/cmTryCompileExec1559754823.dir/build
make[1]: Entering directory `/home/David/Planner/builds/release32/CMakeFiles/CMakeTmp'
/usr/bin/cmake -E cmake_progress_report /home/David/Planner/builds/release32/CMakeFiles/CMakeTmp/CMakeFiles 1
Building CXX object CMakeFiles/cmTryCompileExec1559754823.dir/CMakeCXXCompilerABI.cpp.o
/usr/bin/g++    -m32    -o CMakeFiles/cmTryCompileExec1559754823.dir/CMakeCXXCompilerABI.cpp.o -c /usr/share/cmake-2.8/Modules/CMakeCXXCompilerABI.cpp
Linking CXX executable cmTryCompileExec1559754823
/usr/bin/cmake -E cmake_link_script CMakeFiles/cmTryCompileExec1559754823.dir/link.txt --verbose=1
/usr/bin/g++    -m32   -v CMakeFiles/cmTryCompileExec1559754823.dir/CMakeCXXCompilerABI.cpp.o  -o cmTryCompileExec1559754823 -rdynamic  
Using built-in specs.
COLLECT_GCC=/usr/bin/g++
COLLECT_LTO_WRAPPER=/usr/lib/gcc/x86_64-linux-gnu/4.8/lto-wrapper
Target: x86_64-linux-gnu
Configured with: ../src/configure -v --with-pkgversion='Ubuntu 4.8.4-2ubuntu1~14.04' --with-bugurl=file:///usr/share/doc/gcc-4.8/README.Bugs --enable-languages=c,c++,java,go,d,fortran,objc,obj-c++ --prefix=/usr --program-suffix=-4.8 --enable-shared --enable-linker-build-id --libexecdir=/usr/lib --without-included-gettext --enable-threads=posix --with-gxx-include-dir=/usr/include/c++/4.8 --libdir=/usr/lib --enable-nls --with-sysroot=/ --enable-clocale=gnu --enable-libstdcxx-debug --enable-libstdcxx-time=yes --enable-gnu-unique-object --disable-libmudflap --enable-plugin --with-system-zlib --disable-browser-plugin --enable-java-awt=gtk --enable-gtk-cairo --with-java-home=/usr/lib/jvm/java-1.5.0-gcj-4.8-amd64/jre --enable-java-home --with-jvm-root-dir=/usr/lib/jvm/java-1.5.0-gcj-4.8-amd64 --with-jvm-jar-dir=/usr/lib/jvm-exports/java-1.5.0-gcj-4.8-amd64 --with-arch-directory=amd64 --with-ecj-jar=/usr/share/java/eclipse-ecj.jar --enable-objc-gc --enable-multiarch --disable-werror --with-arch-32=i686 --with-abi=m64 --with-multilib-list=m32,m64,mx32 --with-tune=generic --enable-checking=release --build=x86_64-linux-gnu --host=x86_64-linux-gnu --target=x86_64-linux-gnu
Thread model: posix
gcc version 4.8.4 (Ubuntu 4.8.4-2ubuntu1~14.04) 
COMPILER_PATH=/usr/lib/gcc/x86_64-linux-gnu/4.8/:/usr/lib/gcc/x86_64-linux-gnu/4.8/:/usr/lib/gcc/x86_64-linux-gnu/:/usr/lib/gcc/x86_64-linux-gnu/4.8/:/usr/lib/gcc/x86_64-linux-gnu/
LIBRARY_PATH=/usr/lib/gcc/x86_64-linux-gnu/4.8/32/:/usr/lib/gcc/x86_64-linux-gnu/4.8/../../../../lib32/:/lib/../lib32/:/usr/lib/../lib32/:/usr/lib/gcc/x86_64-linux-gnu/4.8/:/usr/lib/gcc/x86_64-linux-gnu/4.8/../../../:/lib/:/usr/lib/
COLLECT_GCC_OPTIONS='-m32' '-v' '-o' 'cmTryCompileExec1559754823' '-rdynamic' '-shared-libgcc' '-mtune=generic' '-march=i686'
 /usr/lib/gcc/x86_64-linux-gnu/4.8/collect2 --sysroot=/ --build-id --eh-frame-hdr -m elf_i386 --hash-style=gnu --as-needed -export-dynamic -dynamic-linker /lib/ld-linux.so.2 -z relro -o cmTryCompileExec1559754823 /usr/lib/gcc/x86_64-linux-gnu/4.8/../../../../lib32/crt1.o /usr/lib/gcc/x86_64-linux-gnu/4.8/../../../../lib32/crti.o /usr/lib/gcc/x86_64-linux-gnu/4.8/32/crtbegin.o -L/usr/lib/gcc/x86_64-linux-gnu/4.8/32 -L/usr/lib/gcc/x86_64-linux-gnu/4.8/../../../../lib32 -L/lib/../lib32 -L/usr/lib/../lib32 -L/usr/lib/gcc/x86_64-linux-gnu/4.8 -L/usr/lib/gcc/x86_64-linux-gnu/4.8/../../.. CMakeFiles/cmTryCompileExec1559754823.dir/CMakeCXXCompilerABI.cpp.o -lstdc++ -lm -lgcc_s -lgcc -lc -lgcc_s -lgcc /usr/lib/gcc/x86_64-linux-gnu/4.8/32/crtend.o /usr/lib/gcc/x86_64-linux-gnu/4.8/../../../../lib32/crtn.o
make[1]: Leaving directory `/home/David/Planner/builds/release32/CMakeFiles/CMakeTmp'


Parsed CXX implicit link information from above output:
  link line regex: [^( *|.*[/\])(ld|([^/\]+-)?ld|collect2)[^/\]*( |$)]
  ignore line: [Change Dir: /home/David/Planner/builds/release32/CMakeFiles/CMakeTmp]
  ignore line: []
  ignore line: [Run Build Command:/usr/bin/make "cmTryCompileExec1559754823/fast"]
  ignore line: [/usr/bin/make -f CMakeFiles/cmTryCompileExec1559754823.dir/build.make CMakeFiles/cmTryCompileExec1559754823.dir/build]
  ignore line: [make[1]: Entering directory `/home/David/Planner/builds/release32/CMakeFiles/CMakeTmp']
  ignore line: [/usr/bin/cmake -E cmake_progress_report /home/David/Planner/builds/release32/CMakeFiles/CMakeTmp/CMakeFiles 1]
  ignore line: [Building CXX object CMakeFiles/cmTryCompileExec1559754823.dir/CMakeCXXCompilerABI.cpp.o]
  ignore line: [/usr/bin/g++    -m32    -o CMakeFiles/cmTryCompileExec1559754823.dir/CMakeCXXCompilerABI.cpp.o -c /usr/share/cmake-2.8/Modules/CMakeCXXCompilerABI.cpp]
  ignore line: [Linking CXX executable cmTryCompileExec1559754823]
  ignore line: [/usr/bin/cmake -E cmake_link_script CMakeFiles/cmTryCompileExec1559754823.dir/link.txt --verbose=1]
  ignore line: [/usr/bin/g++    -m32   -v CMakeFiles/cmTryCompileExec1559754823.dir/CMakeCXXCompilerABI.cpp.o  -o cmTryCompileExec1559754823 -rdynamic  ]
  ignore line: [Using built-in specs.]
  ignore line: [COLLECT_GCC=/usr/bin/g++]
  ignore line: [COLLECT_LTO_WRAPPER=/usr/lib/gcc/x86_64-linux-gnu/4.8/lto-wrapper]
  ignore line: [Target: x86_64-linux-gnu]
  ignore line: [Configured with: ../src/configure -v --with-pkgversion='Ubuntu 4.8.4-2ubuntu1~14.04' --with-bugurl=file:///usr/share/doc/gcc-4.8/README.Bugs --enable-languages=c,c++,java,go,d,fortran,objc,obj-c++ --prefix=/usr --program-suffix=-4.8 --enable-shared --enable-linker-build-id --libexecdir=/usr/lib --without-included-gettext --enable-threads=posix --with-gxx-include-dir=/usr/include/c++/4.8 --libdir=/usr/lib --enable-nls --with-sysroot=/ --enable-clocale=gnu --enable-libstdcxx-debug --enable-libstdcxx-time=yes --enable-gnu-unique-object --disable-libmudflap --enable-plugin --with-system-zlib --disable-browser-plugin --enable-java-awt=gtk --enable-gtk-cairo --with-java-home=/usr/lib/jvm/java-1.5.0-gcj-4.8-amd64/jre --enable-java-home --with-jvm-root-dir=/usr/lib/jvm/java-1.5.0-gcj-4.8-amd64 --with-jvm-jar-dir=/usr/lib/jvm-exports/java-1.5.0-gcj-4.8-amd64 --with-arch-directory=amd64 --with-ecj-jar=/usr/share/java/eclipse-ecj.jar --enable-objc-gc --enable-multiarch --disable-werror --with-arch-32=i686 --with-abi=m64 --with-multilib-list=m32,m64,mx32 --with-tune=generic --enable-checking=release --build=x86_64-linux-gnu --host=x86_64-linux-gnu --target=x86_64-linux-gnu]
  ignore line: [Thread model: posix]
  ignore line: [gcc version 4.8.4 (Ubuntu 4.8.4-2ubuntu1~14.04) ]
  ignore line: [COMPILER_PATH=/usr/lib/gcc/x86_64-linux-gnu/4.8/:/usr/lib/gcc/x86_64-linux-gnu/4.8/:/usr/lib/gcc/x86_64-linux-gnu/:/usr/lib/gcc/x86_64-linux-gnu/4.8/:/usr/lib/gcc/x86_64-linux-gnu/]
  ignore line: [LIBRARY_PATH=/usr/lib/gcc/x86_64-linux-gnu/4.8/32/:/usr/lib/gcc/x86_64-linux-gnu/4.8/../../../../lib32/:/lib/../lib32/:/usr/lib/../lib32/:/usr/lib/gcc/x86_64-linux-gnu/4.8/:/usr/lib/gcc/x86_64-linux-gnu/4.8/../../../:/lib/:/usr/lib/]
  ignore line: [COLLECT_GCC_OPTIONS='-m32' '-v' '-o' 'cmTryCompileExec1559754823' '-rdynamic' '-shared-libgcc' '-mtune=generic' '-march=i686']
  link line: [ /usr/lib/gcc/x86_64-linux-gnu/4.8/collect2 --sysroot=/ --build-id --eh-frame-hdr -m elf_i386 --hash-style=gnu --as-needed -export-dynamic -dynamic-linker /lib/ld-linux.so.2 -z relro -o cmTryCompileExec1559754823 /usr/lib/gcc/x86_64-linux-gnu/4.8/../../../../lib32/crt1.o /usr/lib/gcc/x86_64-linux-gnu/4.8/../../../../lib32/crti.o /usr/lib/gcc/x86_64-linux-gnu/4.8/32/crtbegin.o -L/usr/lib/gcc/x86_64-linux-gnu/4.8/32 -L/usr/lib/gcc/x86_64-linux-gnu/4.8/../../../../lib32 -L/lib/../lib32 -L/usr/lib/../lib32 -L/usr/lib/gcc/x86_64-linux-gnu/4.8 -L/usr/lib/gcc/x86_64-linux-gnu/4.8/../../.. CMakeFiles/cmTryCompileExec1559754823.dir/CMakeCXXCompilerABI.cpp.o -lstdc++ -lm -lgcc_s -lgcc -lc -lgcc_s -lgcc /usr/lib/gcc/x86_64-linux-gnu/4.8/32/crtend.o /usr/lib/gcc/x86_64-linux-gnu/4.8/../../../../lib32/crtn.o]
    arg [/usr/lib/gcc/x86_64-linux-gnu/4.8/collect2] ==> ignore
    arg [--sysroot=/] ==> ignore
    arg [--build-id] ==> ignore
    arg [--eh-frame-hdr] ==> ignore
    arg [-m] ==> ignore
    arg [elf_i386] ==> ignore
    arg [--hash-style=gnu] ==> ignore
    arg [--as-needed] ==> ignore
    arg [-export-dynamic] ==> ignore
    arg [-dynamic-linker] ==> ignore
    arg [/lib/ld-linux.so.2] ==> ignore
    arg [-zrelro] ==> ignore
    arg [-o] ==> ignore
    arg [cmTryCompileExec1559754823] ==> ignore
    arg [/usr/lib/gcc/x86_64-linux-gnu/4.8/../../../../lib32/crt1.o] ==> ignore
    arg [/usr/lib/gcc/x86_64-linux-gnu/4.8/../../../../lib32/crti.o] ==> ignore
    arg [/usr/lib/gcc/x86_64-linux-gnu/4.8/32/crtbegin.o] ==> ignore
    arg [-L/usr/lib/gcc/x86_64-linux-gnu/4.8/32] ==> dir [/usr/lib/gcc/x86_64-linux-gnu/4.8/32]
    arg [-L/usr/lib/gcc/x86_64-linux-gnu/4.8/../../../../lib32] ==> dir [/usr/lib/gcc/x86_64-linux-gnu/4.8/../../../../lib32]
    arg [-L/lib/../lib32] ==> dir [/lib/../lib32]
    arg [-L/usr/lib/../lib32] ==> dir [/usr/lib/../lib32]
    arg [-L/usr/lib/gcc/x86_64-linux-gnu/4.8] ==> dir [/usr/lib/gcc/x86_64-linux-gnu/4.8]
    arg [-L/usr/lib/gcc/x86_64-linux-gnu/4.8/../../..] ==> dir [/usr/lib/gcc/x86_64-linux-gnu/4.8/../../..]
    arg [CMakeFiles/cmTryCompileExec1559754823.dir/CMakeCXXCompilerABI.cpp.o] ==> ignore
    arg [-lstdc++] ==> lib [stdc++]
    arg [-lm] ==> lib [m]
    arg [-lgcc_s] ==> lib [gcc_s]
    arg [-lgcc] ==> lib [gcc]
    arg [-lc] ==> lib [c]
    arg [-lgcc_s] ==> lib [gcc_s]
    arg [-lgcc] ==> lib [gcc]
    arg [/usr/lib/gcc/x86_64-linux-gnu/4.8/32/crtend.o] ==> ignore
    arg [/usr/lib/gcc/x86_64-linux-gnu/4.8/../../../../lib32/crtn.o] ==> ignore
  remove lib [gcc_s]
  remove lib [gcc]
  remove lib [gcc_s]
  remove lib [gcc]
  collapse library dir [/usr/lib/gcc/x86_64-linux-gnu/4.8/32] ==> [/usr/lib/gcc/x86_64-linux-gnu/4.8/32]
  collapse library dir [/usr/lib/gcc/x86_64-linux-gnu/4.8/../../../../lib32] ==> [/usr/lib32]
  collapse library dir [/lib/../lib32] ==> [/lib32]
  collapse library dir [/usr/lib/../lib32] ==> [/usr/lib32]
  collapse library dir [/usr/lib/gcc/x86_64-linux-gnu/4.8] ==> [/usr/lib/gcc/x86_64-linux-gnu/4.8]
  collapse library dir [/usr/lib/gcc/x86_64-linux-gnu/4.8/../../..] ==> [/usr/lib]
  implicit libs: [stdc++;m;c]
  implicit dirs: [/usr/lib/gcc/x86_64-linux-gnu/4.8/32;/usr/lib32;/lib32;/usr/lib/gcc/x86_64-linux-gnu/4.8;/usr/lib]
  implicit fwks: []


Performing C++ SOURCE FILE Test CXX11_FOUND succeded with the following output:
Change Dir: /home/David/Planner/builds/release32/CMakeFiles/CMakeTmp

Run Build Command:/usr/bin/make "cmTryCompileExec3860747463/fast"
/usr/bin/make -f CMakeFiles/cmTryCompileExec3860747463.dir/build.make CMakeFiles/cmTryCompileExec3860747463.dir/build
make[1]: Entering directory `/home/David/Planner/builds/release32/CMakeFiles/CMakeTmp'
/usr/bin/cmake -E cmake_progress_report /home/David/Planner/builds/release32/CMakeFiles/CMakeTmp/CMakeFiles 1
Building CXX object CMakeFiles/cmTryCompileExec3860747463.dir/src.cxx.o
/usr/bin/g++    -m32 -DCXX11_FOUND   -std=c++11 -o CMakeFiles/cmTryCompileExec3860747463.dir/src.cxx.o -c /home/David/Planner/builds/release32/CMakeFiles/CMakeTmp/src.cxx
Linking CXX executable cmTryCompileExec3860747463
/usr/bin/cmake -E cmake_link_script CMakeFiles/cmTryCompileExec3860747463.dir/link.txt --verbose=1
/usr/bin/g++    -m32 -DCXX11_FOUND    CMakeFiles/cmTryCompileExec3860747463.dir/src.cxx.o  -o cmTryCompileExec3860747463 -rdynamic 
make[1]: Leaving directory `/home/David/Planner/builds/release32/CMakeFiles/CMakeTmp'

Source file was:
int main() { return 0;}
